<?xml version="1.0" encoding="UTF-8"?>
<!-- Generated by org.testng.reporters.JUnitXMLReporter -->
<testsuite hostname="RAMESHs-MacBook-Air.local" ignored="0" name="Default test" tests="4" failures="0" timestamp="11 Jun 2020 10:42:17 GMT" time="58.588" errors="0">
  <testcase name="homePageSuccessfulLoginMessage" time="3.801" classname="com.qa.tests.HomePageTest"/>
  <testcase name="verifyConatctLink" time="4.651" classname="com.qa.tests.HomePageTest"/>
  <testcase name="verifyDealsLink" time="8.687" classname="com.qa.tests.HomePageTest"/>
  <testcase name="verifyTasksLink" time="5.68" classname="com.qa.tests.HomePageTest"/>
</testsuite> <!-- Default test -->
